<?xml version="1.0" encoding="UTF-8"?>
<testsuite xmlns:xsi="http://www.w3.org/2001/XMLSchema-instance" xsi:noNamespaceSchemaLocation="https://maven.apache.org/surefire/maven-surefire-plugin/xsd/surefire-test-report.xsd" version="3.0.2" name="com.codeboard.boards.BoardControllerTest" time="2.406" tests="3" errors="0" skipped="0" failures="0">
  <properties>
[...]
</properties>
  <testcase name="createsBoard" classname="com.codeboard.boards.BoardControllerTest" time="0.269">
    <system-out><![CDATA[01:44:31.527 [main] INFO org.springframework.test.context.support.AnnotationConfigContextLoaderUtils -- Could not detect default configuration classes for test class [com.codeboard.boards.BoardControllerTest]: BoardControllerTest does not declare any static, non-private, non-final, nested classes annotated with @Configuration.
01:44:31.675 [main] INFO org.springframework.boot.test.context.SpringBootTestContextBootstrapper -- Found @SpringBootConfiguration com.codeboard.CodeboardApplication for test class com.codeboard.boards.BoardControllerTest

  .   ____          _            __ _ _
 /\\ / ___'_ __ _ _(_)_ __  __ _ \ \ \ \
( ( )\___ | '_ | '_| | '_ \/ _` | \ \ \ \
 \\/  ___)| |_)| | | | | || (_| |  ) ) ) )
  '  |____| .__|_| |_|_| |_\__, | / / / /
 =========|_|==============|___/=/_/_/_/

 :: Spring Boot ::                (v3.5.7)

2026-06-23T01:44:32.055+03:00  INFO 33356 --- [codeboard-server] [           main] c.codeboard.boards.BoardControllerTest   : Starting BoardControllerTest using Java 25.0.1 with PID 33356 (started by VG in C:\Users\VG\OneDrive\Documents\GitHub\Codeboard\server)
2026-06-23T01:44:32.056+03:00  INFO 33356 --- [codeboard-server] [           main] c.codeboard.boards.BoardControllerTest   : No active profile set, falling back to 1 default profile: "default"
2026-06-23T01:44:33.480+03:00  INFO 33356 --- [codeboard-server] [           main] o.s.b.t.m.w.SpringBootMockServletContext : Initializing Spring TestDispatcherServlet ''
2026-06-23T01:44:33.480+03:00  INFO 33356 --- [codeboard-server] [           main] o.s.t.web.servlet.TestDispatcherServlet  : Initializing Servlet ''
2026-06-23T01:44:33.481+03:00  INFO 33356 --- [codeboard-server] [           main] o.s.t.web.servlet.TestDispatcherServlet  : Completed initialization in 0 ms
2026-06-23T01:44:33.504+03:00  INFO 33356 --- [codeboard-server] [           main] c.codeboard.boards.BoardControllerTest   : Started BoardControllerTest in 1.776 seconds (process running for 2.595)
]]></system-out>
    <system-err><![CDATA[Mockito is currently self-attaching to enable the inline-mock-maker. This will no longer work in future releases of the JDK. Please add Mockito as an agent to your build as described in Mockito's documentation: https://javadoc.io/doc/org.mockito/mockito-core/latest/org.mockito/org/mockito/Mockito.html#0.3
WARNING: A Java agent has been loaded dynamically (C:\Users\VG\.m2\repository\net\bytebuddy\byte-buddy-agent\1.17.8\byte-buddy-agent-1.17.8.jar)
WARNING: If a serviceability tool is in use, please run with -XX:+EnableDynamicAgentLoading to hide this warning
WARNING: If a serviceability tool is not in use, please run with -Djdk.instrument.traceUsage for more information
WARNING: Dynamic loading of agents will be disallowed by default in a future release
]]></system-err>
  </testcase>
  <testcase name="listsBoards" classname="com.codeboard.boards.BoardControllerTest" time="0.011"/>
  <testcase name="rejectsBlankBoardTitle" classname="com.codeboard.boards.BoardControllerTest" time="0.018">
    <system-out><![CDATA[2026-06-23T01:44:33.812+03:00  WARN 33356 --- [codeboard-server] [           main] .w.s.m.s.DefaultHandlerExceptionResolver : Resolved [org.springframework.web.bind.MethodArgumentNotValidException: Validation failed for argument [0] in org.springframework.http.ResponseEntity<com.codeboard.boards.BoardDtos$BoardResponse> com.codeboard.boards.BoardController.createBoard(com.codeboard.boards.BoardDtos$CreateBoardRequest): [Field error in object 'createBoardRequest' on field 'title': rejected value [   ]; codes [NotBlank.createBoardRequest.title,NotBlank.title,NotBlank.java.lang.String,NotBlank]; arguments [org.springframework.context.support.DefaultMessageSourceResolvable: codes [createBoardRequest.title,title]; arguments []; default message [title]]; default message [must not be blank]] ]
]]></system-out>
  </testcase>
</testsuite>